[0.028s] Invoking command in '/home/lili/ros/Miniproject_equipo1_2_ws/build/motion': CMAKE_PREFIX_PATH=${CMAKE_PREFIX_PATH}:/opt/ros/humble /usr/bin/cmake --build /home/lili/ros/Miniproject_equipo1_2_ws/build/motion -- -j4 -l4
[0.171s] [35m[1mConsolidate compiler generated dependencies of target Controller[0m
[0.223s] [ 50%] [32mBuilding CXX object CMakeFiles/Controller.dir/src/Controller.cpp.o[0m
[5.794s] In file included from [01m[K/home/lili/ros/Miniproject_equipo1_2_ws/src/motion/src/Controller.cpp:2[m[K:
[5.794s] [01m[K/home/lili/ros/Miniproject_equipo1_2_ws/src/motion/include/motion/Controller.hpp:31:49:[m[K [01;31m[Kerror: [m[Kexpected â€˜[01m[K,[m[Kâ€™ or â€˜[01m[K...[m[Kâ€™ before â€˜[01m[Kstd[m[Kâ€™
[5.794s]    31 |                                                 [01;31m[Kstd[m[K::string direction);
[5.794s]       |                                                 [01;31m[K^~~[m[K
[5.923s] [01m[K/home/lili/ros/Miniproject_equipo1_2_ws/src/motion/src/Controller.cpp:176:6:[m[K [01;31m[Kerror: [m[Kno declaration matches â€˜[01m[Kvoid Controller::drawCurves(double, double, std::string)[m[Kâ€™
[5.924s]   176 | void [01;31m[KController[m[K::drawCurves(double radius, double radians,
[5.924s]       |      [01;31m[K^~~~~~~~~~[m[K
[5.924s] In file included from [01m[K/home/lili/ros/Miniproject_equipo1_2_ws/src/motion/src/Controller.cpp:2[m[K:
[5.924s] [01m[K/home/lili/ros/Miniproject_equipo1_2_ws/src/motion/include/motion/Controller.hpp:30:8:[m[K [01;36m[Knote: [m[Kcandidate is: â€˜[01m[Kvoid Controller::drawCurves(double, double)[m[Kâ€™
[5.924s]    30 |   void [01;36m[KdrawCurves[m[K(double radius, double radians
[5.924s]       |        [01;36m[K^~~~~~~~~~[m[K
[5.924s] [01m[K/home/lili/ros/Miniproject_equipo1_2_ws/src/motion/include/motion/Controller.hpp:13:7:[m[K [01;36m[Knote: [m[Kâ€˜[01m[Kclass Controller[m[Kâ€™ defined here
[5.925s]    13 | class [01;36m[KController[m[K
[5.925s]       |       [01;36m[K^~~~~~~~~~[m[K
[5.925s] [01m[K/home/lili/ros/Miniproject_equipo1_2_ws/src/motion/src/Controller.cpp:[m[K In member function â€˜[01m[Kvoid Controller::drawScene()[m[Kâ€™:
[5.925s] [01m[K/home/lili/ros/Miniproject_equipo1_2_ws/src/motion/src/Controller.cpp:227:19:[m[K [01;31m[Kerror: [m[Kno matching function for call to â€˜[01m[KController::drawCurves(double, double, const char [5])[m[Kâ€™
[5.925s]   227 |         [01;31m[KdrawCurves(0.5, M_PI, "down")[m[K;
[5.925s]       |         [01;31m[K~~~~~~~~~~^~~~~~~~~~~~~~~~~~~[m[K
[5.925s] In file included from [01m[K/home/lili/ros/Miniproject_equipo1_2_ws/src/motion/src/Controller.cpp:2[m[K:
[5.926s] [01m[K/home/lili/ros/Miniproject_equipo1_2_ws/src/motion/include/motion/Controller.hpp:30:8:[m[K [01;36m[Knote: [m[Kcandidate: â€˜[01m[Kvoid Controller::drawCurves(double, double)[m[Kâ€™
[5.926s]    30 |   void [01;36m[KdrawCurves[m[K(double radius, double radians
[5.926s]       |        [01;36m[K^~~~~~~~~~[m[K
[5.926s] [01m[K/home/lili/ros/Miniproject_equipo1_2_ws/src/motion/include/motion/Controller.hpp:30:8:[m[K [01;36m[Knote: [m[K  candidate expects 2 arguments, 3 provided
[9.095s] gmake[2]: *** [CMakeFiles/Controller.dir/build.make:76: CMakeFiles/Controller.dir/src/Controller.cpp.o] Error 1
[9.095s] gmake[1]: *** [CMakeFiles/Makefile2:137: CMakeFiles/Controller.dir/all] Error 2
[9.095s] gmake: *** [Makefile:146: all] Error 2
[9.098s] Invoked command in '/home/lili/ros/Miniproject_equipo1_2_ws/build/motion' returned '2': CMAKE_PREFIX_PATH=${CMAKE_PREFIX_PATH}:/opt/ros/humble /usr/bin/cmake --build /home/lili/ros/Miniproject_equipo1_2_ws/build/motion -- -j4 -l4
