[01m[K/home/lili/ros/Miniproject_equipo1_2_ws/src/motion/src/Controller.cpp:[m[K In member function â€˜[01m[Kvoid Controller::drawCurves(double, double, std::string)[m[Kâ€™:
[01m[K/home/lili/ros/Miniproject_equipo1_2_ws/src/motion/src/Controller.cpp:183:44:[m[K [01;35m[Kwarning: [m[Kunused variable â€˜[01m[Kangular[m[Kâ€™ [[01;35m[K]8;;https://gcc.gnu.org/onlinedocs/gcc/Warning-Options.html#index-Wunused-variable-Wunused-variable]8;;[m[K]
  183 |         if (direction == "up")      double [01;35m[Kangular[m[K = linear / radius;
      |                                            [01;35m[K^~~~~~~[m[K
[01m[K/home/lili/ros/Miniproject_equipo1_2_ws/src/motion/src/Controller.cpp:184:49:[m[K [01;35m[Kwarning: [m[Kunused variable â€˜[01m[Kangular[m[Kâ€™ [[01;35m[K]8;;https://gcc.gnu.org/onlinedocs/gcc/Warning-Options.html#index-Wunused-variable-Wunused-variable]8;;[m[K]
  184 |         else if (direction == "down")    double [01;35m[Kangular[m[K = -linear / radius;
      |                                                 [01;35m[K^~~~~~~[m[K
[01m[K/home/lili/ros/Miniproject_equipo1_2_ws/src/motion/src/Controller.cpp:189:25:[m[K [01;31m[Kerror: [m[Kâ€˜[01m[Kangular[m[Kâ€™ was not declared in this scope
  189 |         cmd.angular.z = [01;31m[Kangular[m[K;
      |                         [01;31m[K^~~~~~~[m[K
gmake[2]: *** [CMakeFiles/Controller.dir/build.make:76: CMakeFiles/Controller.dir/src/Controller.cpp.o] Error 1
gmake[1]: *** [CMakeFiles/Makefile2:137: CMakeFiles/Controller.dir/all] Error 2
gmake: *** [Makefile:146: all] Error 2
