[0.045s] Invoking command in '/home/lili/ros/Miniproject_equipo1_2_ws/build/motion': CMAKE_PREFIX_PATH=${CMAKE_PREFIX_PATH}:/opt/ros/humble /usr/bin/cmake --build /home/lili/ros/Miniproject_equipo1_2_ws/build/motion -- -j4 -l4
[0.161s] [35m[1mConsolidate compiler generated dependencies of target Controller[0m
[0.210s] [ 50%] [32mBuilding CXX object CMakeFiles/Controller.dir/src/Controller.cpp.o[0m
[5.717s] [01m[K/home/lili/ros/Miniproject_equipo1_2_ws/src/motion/src/Controller.cpp:[m[K In member function â€˜[01m[Kvoid Controller::drawCurves(double, double, std::string)[m[Kâ€™:
[5.717s] [01m[K/home/lili/ros/Miniproject_equipo1_2_ws/src/motion/src/Controller.cpp:183:44:[m[K [01;35m[Kwarning: [m[Kunused variable â€˜[01m[Kangular[m[Kâ€™ [[01;35m[K]8;;https://gcc.gnu.org/onlinedocs/gcc/Warning-Options.html#index-Wunused-variable-Wunused-variable]8;;[m[K]
[5.718s]   183 |         if (direction == "up")      double [01;35m[Kangular[m[K = linear / radius;
[5.718s]       |                                            [01;35m[K^~~~~~~[m[K
[5.718s] [01m[K/home/lili/ros/Miniproject_equipo1_2_ws/src/motion/src/Controller.cpp:184:49:[m[K [01;35m[Kwarning: [m[Kunused variable â€˜[01m[Kangular[m[Kâ€™ [[01;35m[K]8;;https://gcc.gnu.org/onlinedocs/gcc/Warning-Options.html#index-Wunused-variable-Wunused-variable]8;;[m[K]
[5.718s]   184 |         else if (direction == "down")    double [01;35m[Kangular[m[K = -linear / radius;
[5.718s]       |                                                 [01;35m[K^~~~~~~[m[K
[5.724s] [01m[K/home/lili/ros/Miniproject_equipo1_2_ws/src/motion/src/Controller.cpp:189:25:[m[K [01;31m[Kerror: [m[Kâ€˜[01m[Kangular[m[Kâ€™ was not declared in this scope
[5.724s]   189 |         cmd.angular.z = [01;31m[Kangular[m[K;
[5.724s]       |                         [01;31m[K^~~~~~~[m[K
[9.011s] gmake[2]: *** [CMakeFiles/Controller.dir/build.make:76: CMakeFiles/Controller.dir/src/Controller.cpp.o] Error 1
[9.012s] gmake[1]: *** [CMakeFiles/Makefile2:137: CMakeFiles/Controller.dir/all] Error 2
[9.012s] gmake: *** [Makefile:146: all] Error 2
[9.015s] Invoked command in '/home/lili/ros/Miniproject_equipo1_2_ws/build/motion' returned '2': CMAKE_PREFIX_PATH=${CMAKE_PREFIX_PATH}:/opt/ros/humble /usr/bin/cmake --build /home/lili/ros/Miniproject_equipo1_2_ws/build/motion -- -j4 -l4
