[0.011s] Invoking command in '/home/usuario/ros/Miniproject_equipo1_ws/build/motion': CMAKE_PREFIX_PATH=${CMAKE_PREFIX_PATH}:/opt/ros/humble /usr/bin/cmake --build /home/usuario/ros/Miniproject_equipo1_ws/build/motion -- -j20 -l20
[0.085s] [35m[1mConsolidate compiler generated dependencies of target Controller[0m
[0.096s] [ 50%] [32mBuilding CXX object CMakeFiles/Controller.dir/src/Controller.cpp.o[0m
[1.489s] [01m[K/home/usuario/ros/Miniproject_equipo1_ws/src/motion/src/Controller.cpp:108:6:[m[K [01;31m[Kerror: [m[Kno declaration matches â€˜[01m[Kvoid Controller::[01;32m[KdrawHexagonFlat[m[K(double)[m[Kâ€™
[1.489s]   108 | void [01;31m[KController[m[K::drawHexagonFlat(double side)
[1.489s]       |      [01;31m[K^~~~~~~~~~[m[K
[1.489s] [01m[K/home/usuario/ros/Miniproject_equipo1_ws/src/motion/src/Controller.cpp:108:6:[m[K [01;36m[Knote: [m[Kno functions named â€˜[01m[Kvoid Controller::[01;32m[KdrawHexagonFlat[m[K(double)[m[Kâ€™
[1.489s] In file included from [01m[K/home/usuario/ros/Miniproject_equipo1_ws/src/motion/src/Controller.cpp:2[m[K:
[1.489s] [01m[K/home/usuario/ros/Miniproject_equipo1_ws/src/motion/include/motion/Controller.hpp:13:7:[m[K [01;36m[Knote: [m[Kâ€˜[01m[Kclass Controller[m[Kâ€™ defined here
[1.489s]    13 | class [01;36m[KController[m[K
[1.489s]       |       [01;36m[K^~~~~~~~~~[m[K
[1.489s] [01m[K/home/usuario/ros/Miniproject_equipo1_ws/src/motion/src/Controller.cpp:119:6:[m[K [01;31m[Kerror: [m[Kno declaration matches â€˜[01m[Kvoid Controller::[01;32m[KdrawTriangleUp[m[K(double)[m[Kâ€™
[1.489s]   119 | void [01;31m[KController[m[K::drawTriangleUp(double side)
[1.489s]       |      [01;31m[K^~~~~~~~~~[m[K
[1.489s] [01m[K/home/usuario/ros/Miniproject_equipo1_ws/src/motion/src/Controller.cpp:119:6:[m[K [01;36m[Knote: [m[Kno functions named â€˜[01m[Kvoid Controller::[01;32m[KdrawTriangleUp[m[K(double)[m[Kâ€™
[1.489s] [01m[K/home/usuario/ros/Miniproject_equipo1_ws/src/motion/include/motion/Controller.hpp:13:7:[m[K [01;36m[Knote: [m[Kâ€˜[01m[Kclass Controller[m[Kâ€™ defined here
[1.489s]    13 | class [01;36m[KController[m[K
[1.489s]       |       [01;36m[K^~~~~~~~~~[m[K
[1.489s] [01m[K/home/usuario/ros/Miniproject_equipo1_ws/src/motion/src/Controller.cpp:130:6:[m[K [01;31m[Kerror: [m[Kno declaration matches â€˜[01m[Kvoid Controller::[01;32m[KdrawRectangleAboveHexagon[m[K(double, double)[m[Kâ€™
[1.489s]   130 | void [01;31m[KController[m[K::drawRectangleAboveHexagon(double base, double height)
[1.489s]       |      [01;31m[K^~~~~~~~~~[m[K
[1.490s] [01m[K/home/usuario/ros/Miniproject_equipo1_ws/src/motion/src/Controller.cpp:130:6:[m[K [01;36m[Knote: [m[Kno functions named â€˜[01m[Kvoid Controller::[01;32m[KdrawRectangleAboveHexagon[m[K(double, double)[m[Kâ€™
[1.490s] [01m[K/home/usuario/ros/Miniproject_equipo1_ws/src/motion/include/motion/Controller.hpp:13:7:[m[K [01;36m[Knote: [m[Kâ€˜[01m[Kclass Controller[m[Kâ€™ defined here
[1.490s]    13 | class [01;36m[KController[m[K
[1.490s]       |       [01;36m[K^~~~~~~~~~[m[K
[1.493s] [01m[K/home/usuario/ros/Miniproject_equipo1_ws/src/motion/src/Controller.cpp:[m[K In member function â€˜[01m[Kvoid Controller::[01;32m[KdrawScene[m[K()[m[Kâ€™:
[1.493s] [01m[K/home/usuario/ros/Miniproject_equipo1_ws/src/motion/src/Controller.cpp:155:3:[m[K [01;31m[Kerror: [m[Kâ€˜[01m[KdrawTriangleUp[m[Kâ€™ was not declared in this scope; did you mean â€˜[01m[KdrawTriangle[m[Kâ€™?
[1.493s]   155 |   [01;31m[KdrawTriangleUp[m[K(tri_side);
[1.493s]       |   [01;31m[K^~~~~~~~~~~~~~[m[K
[1.493s]       |   [32m[KdrawTriangle[m[K
[1.497s] [01m[K/home/usuario/ros/Miniproject_equipo1_ws/src/motion/src/Controller.cpp:160:3:[m[K [01;31m[Kerror: [m[Kâ€˜[01m[KdrawHexagonFlat[m[Kâ€™ was not declared in this scope; did you mean â€˜[01m[KdrawHexagon[m[Kâ€™?
[1.497s]   160 |   [01;31m[KdrawHexagonFlat[m[K(hex_side);
[1.497s]       |   [01;31m[K^~~~~~~~~~~~~~~[m[K
[1.497s]       |   [32m[KdrawHexagon[m[K
[1.504s] [01m[K/home/usuario/ros/Miniproject_equipo1_ws/src/motion/src/Controller.cpp:172:3:[m[K [01;31m[Kerror: [m[Kâ€˜[01m[KdrawRectangleAboveHexagon[m[Kâ€™ was not declared in this scope
[1.504s]   172 |   [01;31m[KdrawRectangleAboveHexagon[m[K(rect_base, rect_height);
[1.504s]       |   [01;31m[K^~~~~~~~~~~~~~~~~~~~~~~~~[m[K
[3.027s] gmake[2]: *** [CMakeFiles/Controller.dir/build.make:76: CMakeFiles/Controller.dir/src/Controller.cpp.o] Error 1
[3.027s] gmake[1]: *** [CMakeFiles/Makefile2:137: CMakeFiles/Controller.dir/all] Error 2
[3.027s] gmake: *** [Makefile:146: all] Error 2
[3.029s] Invoked command in '/home/usuario/ros/Miniproject_equipo1_ws/build/motion' returned '2': CMAKE_PREFIX_PATH=${CMAKE_PREFIX_PATH}:/opt/ros/humble /usr/bin/cmake --build /home/usuario/ros/Miniproject_equipo1_ws/build/motion -- -j20 -l20
