In file included from [01m[K/home/lili/ros/Miniproject_equipo1_2_ws/src/motion/src/Controller.cpp:2[m[K:
[01m[K/home/lili/ros/Miniproject_equipo1_2_ws/src/motion/include/motion/Controller.hpp:31:49:[m[K [01;31m[Kerror: [m[Kexpected â€˜[01m[K,[m[Kâ€™ or â€˜[01m[K...[m[Kâ€™ before â€˜[01m[Kstd[m[Kâ€™
   31 |                                                 [01;31m[Kstd[m[K::string direction)
      |                                                 [01;31m[K^~~[m[K
[01m[K/home/lili/ros/Miniproject_equipo1_2_ws/src/motion/include/motion/Controller.hpp:30:8:[m[K [01;31m[Kerror: [m[Kextra qualification â€˜[01m[KController::[m[Kâ€™ on member â€˜[01m[KdrawCurves[m[Kâ€™ [[01;31m[K]8;;https://gcc.gnu.org/onlinedocs/gcc/Warning-Options.html#index-fpermissive-fpermissive]8;;[m[K]
   30 |   void [01;31m[KController[m[K::drawCurves(double radius, double radians
      |        [01;31m[K^~~~~~~~~~[m[K
[01m[K/home/lili/ros/Miniproject_equipo1_2_ws/src/motion/include/motion/Controller.hpp:31:70:[m[K [01;31m[Kerror: [m[Kexpected â€˜[01m[K;[m[Kâ€™ at end of member declaration
   31 |                                                 std::string direction[01;31m[K)[m[K
      |                                                                      [01;31m[K^[m[K
      |                                                                       [32m[K;[m[K
[01m[K/home/lili/ros/Miniproject_equipo1_2_ws/src/motion/src/Controller.cpp:177:49:[m[K [01;31m[Kerror: [m[Kexpected â€˜[01m[K,[m[Kâ€™ or â€˜[01m[K...[m[Kâ€™ before â€˜[01m[Kstd[m[Kâ€™
  177 |                                                 [01;31m[Kstd[m[K::string direction)
      |                                                 [01;31m[K^~~[m[K
[01m[K/home/lili/ros/Miniproject_equipo1_2_ws/src/motion/src/Controller.cpp:[m[K In member function â€˜[01m[Kvoid Controller::drawCurves(double, double)[m[Kâ€™:
[01m[K/home/lili/ros/Miniproject_equipo1_2_ws/src/motion/src/Controller.cpp:183:13:[m[K [01;31m[Kerror: [m[Kâ€˜[01m[Kdirection[m[Kâ€™ was not declared in this scope; did you mean â€˜[01m[Ksigaction[m[Kâ€™?
  183 |         if ([01;31m[Kdirection[m[K == "up")      double angular = linear / radius;
      |             [01;31m[K^~~~~~~~~[m[K
      |             [32m[Ksigaction[m[K
[01m[K/home/lili/ros/Miniproject_equipo1_2_ws/src/motion/src/Controller.cpp:183:44:[m[K [01;35m[Kwarning: [m[Kunused variable â€˜[01m[Kangular[m[Kâ€™ [[01;35m[K]8;;https://gcc.gnu.org/onlinedocs/gcc/Warning-Options.html#index-Wunused-variable-Wunused-variable]8;;[m[K]
  183 |         if (direction == "up")      double [01;35m[Kangular[m[K = linear / radius;
      |                                            [01;35m[K^~~~~~~[m[K
[01m[K/home/lili/ros/Miniproject_equipo1_2_ws/src/motion/src/Controller.cpp:184:49:[m[K [01;35m[Kwarning: [m[Kunused variable â€˜[01m[Kangular[m[Kâ€™ [[01;35m[K]8;;https://gcc.gnu.org/onlinedocs/gcc/Warning-Options.html#index-Wunused-variable-Wunused-variable]8;;[m[K]
  184 |         else if (direction == "down")    double [01;35m[Kangular[m[K = -linear / radius;
      |                                                 [01;35m[K^~~~~~~[m[K
[01m[K/home/lili/ros/Miniproject_equipo1_2_ws/src/motion/src/Controller.cpp:189:25:[m[K [01;31m[Kerror: [m[Kâ€˜[01m[Kangular[m[Kâ€™ was not declared in this scope
  189 |         cmd.angular.z = [01;31m[Kangular[m[K;
      |                         [01;31m[K^~~~~~~[m[K
[01m[K/home/lili/ros/Miniproject_equipo1_2_ws/src/motion/src/Controller.cpp:[m[K In member function â€˜[01m[Kvoid Controller::drawScene()[m[Kâ€™:
[01m[K/home/lili/ros/Miniproject_equipo1_2_ws/src/motion/src/Controller.cpp:227:19:[m[K [01;31m[Kerror: [m[Kno matching function for call to â€˜[01m[KController::drawCurves(double, double, const char [5])[m[Kâ€™
  227 |         [01;31m[KdrawCurves(0.5, M_PI, "down")[m[K;
      |         [01;31m[K~~~~~~~~~~^~~~~~~~~~~~~~~~~~~[m[K
[01m[K/home/lili/ros/Miniproject_equipo1_2_ws/src/motion/src/Controller.cpp:176:6:[m[K [01;36m[Knote: [m[Kcandidate: â€˜[01m[Kvoid Controller::drawCurves(double, double)[m[Kâ€™
  176 | void [01;36m[KController[m[K::drawCurves(double radius, double radians
      |      [01;36m[K^~~~~~~~~~[m[K
[01m[K/home/lili/ros/Miniproject_equipo1_2_ws/src/motion/src/Controller.cpp:176:6:[m[K [01;36m[Knote: [m[K  candidate expects 2 arguments, 3 provided
gmake[2]: *** [CMakeFiles/Controller.dir/build.make:76: CMakeFiles/Controller.dir/src/Controller.cpp.o] Error 1
gmake[1]: *** [CMakeFiles/Makefile2:137: CMakeFiles/Controller.dir/all] Error 2
gmake: *** [Makefile:146: all] Error 2
