[0.010s] Invoking command in '/home/usuario/ros/Miniproject_equipo1_ws/build/motion': CMAKE_PREFIX_PATH=${CMAKE_PREFIX_PATH}:/opt/ros/humble /usr/bin/cmake --build /home/usuario/ros/Miniproject_equipo1_ws/build/motion -- -j20 -l20
[0.039s] [35m[1mConsolidate compiler generated dependencies of target Controller[0m
[0.050s] [ 50%] [32mBuilding CXX object CMakeFiles/Controller.dir/src/Controller.cpp.o[0m
[1.341s] [01m[K/home/usuario/ros/Miniproject_equipo1_ws/src/motion/src/Controller.cpp:[m[K In member function â€˜[01m[Kvoid Controller::[01;32m[Krotate[m[K(double, double)[m[Kâ€™:
[1.341s] [01m[K/home/usuario/ros/Miniproject_equipo1_ws/src/motion/src/Controller.cpp:83:32:[m[K [01;31m[Kerror: [m[Kqualified-id in declaration before â€˜[01m[K([m[Kâ€™ token
[1.341s]    83 |         void Controller::rotate[01;31m[K([m[Kdouble radians, double angular_speed)
[1.341s]       |                                [01;31m[K^[m[K
[1.341s] [01m[K/home/usuario/ros/Miniproject_equipo1_ws/src/motion/src/Controller.cpp:81:32:[m[K [01;35m[Kwarning: [m[Kunused parameter â€˜[01m[Kradians[m[Kâ€™ [[01;35m[K]8;;https://gcc.gnu.org/onlinedocs/gcc/Warning-Options.html#index-Wunused-parameter-Wunused-parameter]8;;[m[K]
[1.341s]    81 | void Controller::rotate([01;35m[Kdouble radians[m[K, double angular_speed)
[1.341s]       |                         [01;35m[K~~~~~~~^~~~~~~[m[K
[1.341s] [01m[K/home/usuario/ros/Miniproject_equipo1_ws/src/motion/src/Controller.cpp:81:48:[m[K [01;35m[Kwarning: [m[Kunused parameter â€˜[01m[Kangular_speed[m[Kâ€™ [[01;35m[K]8;;https://gcc.gnu.org/onlinedocs/gcc/Warning-Options.html#index-Wunused-parameter-Wunused-parameter]8;;[m[K]
[1.341s]    81 | void Controller::rotate(double radians, [01;35m[Kdouble angular_speed[m[K)
[1.341s]       |                                         [01;35m[K~~~~~~~^~~~~~~~~~~~~[m[K
[3.049s] gmake[2]: *** [CMakeFiles/Controller.dir/build.make:76: CMakeFiles/Controller.dir/src/Controller.cpp.o] Error 1
[3.050s] gmake[1]: *** [CMakeFiles/Makefile2:137: CMakeFiles/Controller.dir/all] Error 2
[3.050s] gmake: *** [Makefile:146: all] Error 2
[3.052s] Invoked command in '/home/usuario/ros/Miniproject_equipo1_ws/build/motion' returned '2': CMAKE_PREFIX_PATH=${CMAKE_PREFIX_PATH}:/opt/ros/humble /usr/bin/cmake --build /home/usuario/ros/Miniproject_equipo1_ws/build/motion -- -j20 -l20
