[0.035s] Invoking command in '/home/lili/ros/Miniproject_equipo1_2_ws/build/motion': CMAKE_PREFIX_PATH=${CMAKE_PREFIX_PATH}:/opt/ros/humble /usr/bin/cmake --build /home/lili/ros/Miniproject_equipo1_2_ws/build/motion -- -j4 -l4
[0.131s] [35m[1mConsolidate compiler generated dependencies of target Controller[0m
[0.180s] [ 50%] [32mBuilding CXX object CMakeFiles/Controller.dir/src/Controller.cpp.o[0m
[6.820s] [01m[K/home/lili/ros/Miniproject_equipo1_2_ws/src/motion/src/Controller.cpp:177:49:[m[K [01;31m[Kerror: [m[Kexpected â€˜[01m[K,[m[Kâ€™ or â€˜[01m[K...[m[Kâ€™ before â€˜[01m[Kstd[m[Kâ€™
[6.821s]   177 |                                                 [01;31m[Kstd[m[K::string direction)
[6.821s]       |                                                 [01;31m[K^~~[m[K
[6.821s] [01m[K/home/lili/ros/Miniproject_equipo1_2_ws/src/motion/src/Controller.cpp:176:6:[m[K [01;31m[Kerror: [m[Kno declaration matches â€˜[01m[Kvoid Controller::drawCurves(double, double)[m[Kâ€™
[6.821s]   176 | void [01;31m[KController[m[K::drawCurves(double radius, double radians
[6.821s]       |      [01;31m[K^~~~~~~~~~[m[K
[6.821s] In file included from [01m[K/home/lili/ros/Miniproject_equipo1_2_ws/src/motion/src/Controller.cpp:2[m[K:
[6.822s] [01m[K/home/lili/ros/Miniproject_equipo1_2_ws/src/motion/include/motion/Controller.hpp:30:8:[m[K [01;36m[Knote: [m[Kcandidate is: â€˜[01m[Kvoid Controller::drawCurves(double, bool, bool, bool, std::string)[m[Kâ€™
[6.822s]    30 |   void [01;36m[KdrawCurves[m[K(double radius,
[6.822s]       |        [01;36m[K^~~~~~~~~~[m[K
[6.822s] [01m[K/home/lili/ros/Miniproject_equipo1_2_ws/src/motion/include/motion/Controller.hpp:13:7:[m[K [01;36m[Knote: [m[Kâ€˜[01m[Kclass Controller[m[Kâ€™ defined here
[6.822s]    13 | class [01;36m[KController[m[K
[6.822s]       |       [01;36m[K^~~~~~~~~~[m[K
[10.051s] gmake[2]: *** [CMakeFiles/Controller.dir/build.make:76: CMakeFiles/Controller.dir/src/Controller.cpp.o] Error 1
[10.051s] gmake[1]: *** [CMakeFiles/Makefile2:137: CMakeFiles/Controller.dir/all] Error 2
[10.051s] gmake: *** [Makefile:146: all] Error 2
[10.054s] Invoked command in '/home/lili/ros/Miniproject_equipo1_2_ws/build/motion' returned '2': CMAKE_PREFIX_PATH=${CMAKE_PREFIX_PATH}:/opt/ros/humble /usr/bin/cmake --build /home/lili/ros/Miniproject_equipo1_2_ws/build/motion -- -j4 -l4
