[0.012s] Invoking command in '/home/usuario/ros/Miniproject_equipo1_ws/build/motion': CMAKE_PREFIX_PATH=${CMAKE_PREFIX_PATH}:/opt/ros/humble /usr/bin/cmake --build /home/usuario/ros/Miniproject_equipo1_ws/build/motion -- -j20 -l20
[0.084s] [35m[1mConsolidate compiler generated dependencies of target Controller[0m
[0.096s] [ 50%] [32mBuilding CXX object CMakeFiles/Controller.dir/src/Controller.cpp.o[0m
[1.677s] [01m[K/home/usuario/ros/Miniproject_equipo1_ws/src/motion/src/Controller.cpp:[m[K In function â€˜[01m[Kvoid[01;32m[K rotate_to[m[K(double, rclcpp::Node::SharedPtr, rclcpp::Publisher<geometry_msgs::msg::Twist_<std::allocator<void> > >::SharedPtr)[m[Kâ€™:
[1.677s] [01m[K/home/usuario/ros/Miniproject_equipo1_ws/src/motion/src/Controller.cpp:31:63:[m[K [01;31m[Kerror: [m[Kâ€˜[01m[Kpose[m[Kâ€™ was not declared in this scope
[1.677s]    31 |                double error = normalize_angle(target_angle - [01;31m[Kpose[m[K.theta);
[1.677s]       |                                                              [01;31m[K^~~~[m[K
[1.677s] 
[3.397s] gmake[2]: *** [CMakeFiles/Controller.dir/build.make:76: CMakeFiles/Controller.dir/src/Controller.cpp.o] Error 1
[3.397s] gmake[1]: *** [CMakeFiles/Makefile2:137: CMakeFiles/Controller.dir/all] Error 2
[3.398s] gmake: *** [Makefile:146: all] Error 2
[3.399s] Invoked command in '/home/usuario/ros/Miniproject_equipo1_ws/build/motion' returned '2': CMAKE_PREFIX_PATH=${CMAKE_PREFIX_PATH}:/opt/ros/humble /usr/bin/cmake --build /home/usuario/ros/Miniproject_equipo1_ws/build/motion -- -j20 -l20
