[35m[1mConsolidate compiler generated dependencies of target Controller[0m
[ 50%] [32mBuilding CXX object CMakeFiles/Controller.dir/src/Controller.cpp.o[0m
[01m[K/home/usuario/ros/Miniproject_equipo1_ws/src/motion/src/Controller.cpp:[m[K In member function â€˜[01m[Kvoid Controller::[01;32m[KdrawCurves[m[K(double, bool, bool, bool, std::string, double)[m[Kâ€™:
[01m[K/home/usuario/ros/Miniproject_equipo1_ws/src/motion/src/Controller.cpp:195:12:[m[K [01;35m[Kwarning: [m[Kunused variable â€˜[01m[Kstep_angle[m[Kâ€™ [[01;35m[K]8;;https://gcc.gnu.org/onlinedocs/gcc/Warning-Options.html#index-Wunused-variable-Wunused-variable]8;;[m[K]
  195 |     double [01;35m[Kstep_angle[m[K = angle / steps;
      |            [01;35m[K^~~~~~~~~~[m[K
[01m[K/home/usuario/ros/Miniproject_equipo1_ws/src/motion/src/Controller.cpp:[m[K In member function â€˜[01m[Kvoid Controller::[01;32m[KdrawScene[m[K()[m[Kâ€™:
[01m[K/home/usuario/ros/Miniproject_equipo1_ws/src/motion/src/Controller.cpp:227:11:[m[K [01;31m[Kerror: [m[Kno matching function for call to â€˜[01m[KController::drawCurves(double, bool, bool, bool, const char [6])[m[Kâ€™
  227 | [01;31m[KdrawCurves(1.5, true, false, false, "right")[m[K;
      | [01;31m[K~~~~~~~~~~^~~~~~~~~~~~~~~~~~~~~~~~~~~~~~~~~~[m[K
[01m[K/home/usuario/ros/Miniproject_equipo1_ws/src/motion/src/Controller.cpp:170:6:[m[K [01;36m[Knote: [m[Kcandidate: â€˜[01m[Kvoid Controller::[01;32m[KdrawCurves[m[K(double, bool, bool, bool, std::string, double)[m[Kâ€™
  170 | void [01;36m[KController[m[K::drawCurves(double radius,
      |      [01;36m[K^~~~~~~~~~[m[K
[01m[K/home/usuario/ros/Miniproject_equipo1_ws/src/motion/src/Controller.cpp:170:6:[m[K [01;36m[Knote: [m[K  candidate expects 6 arguments, 5 provided
[01m[K/home/usuario/ros/Miniproject_equipo1_ws/src/motion/src/Controller.cpp:230:11:[m[K [01;31m[Kerror: [m[Kno matching function for call to â€˜[01m[KController::drawCurves(double, bool, bool, bool, const char [3])[m[Kâ€™
  230 | [01;31m[KdrawCurves(1.0, false, true, false, "up")[m[K;
      | [01;31m[K~~~~~~~~~~^~~~~~~~~~~~~~~~~~~~~~~~~~~~~~~[m[K
[01m[K/home/usuario/ros/Miniproject_equipo1_ws/src/motion/src/Controller.cpp:170:6:[m[K [01;36m[Knote: [m[Kcandidate: â€˜[01m[Kvoid Controller::[01;32m[KdrawCurves[m[K(double, bool, bool, bool, std::string, double)[m[Kâ€™
  170 | void [01;36m[KController[m[K::drawCurves(double radius,
      |      [01;36m[K^~~~~~~~~~[m[K
[01m[K/home/usuario/ros/Miniproject_equipo1_ws/src/motion/src/Controller.cpp:170:6:[m[K [01;36m[Knote: [m[K  candidate expects 6 arguments, 5 provided
[01m[K/home/usuario/ros/Miniproject_equipo1_ws/src/motion/src/Controller.cpp:233:11:[m[K [01;31m[Kerror: [m[Kno matching function for call to â€˜[01m[KController::drawCurves(double, bool, bool, bool, const char [5])[m[Kâ€™
  233 | [01;31m[KdrawCurves(0.8, false, false, true, "left")[m[K;
      | [01;31m[K~~~~~~~~~~^~~~~~~~~~~~~~~~~~~~~~~~~~~~~~~~~[m[K
[01m[K/home/usuario/ros/Miniproject_equipo1_ws/src/motion/src/Controller.cpp:170:6:[m[K [01;36m[Knote: [m[Kcandidate: â€˜[01m[Kvoid Controller::[01;32m[KdrawCurves[m[K(double, bool, bool, bool, std::string, double)[m[Kâ€™
  170 | void [01;36m[KController[m[K::drawCurves(double radius,
      |      [01;36m[K^~~~~~~~~~[m[K
[01m[K/home/usuario/ros/Miniproject_equipo1_ws/src/motion/src/Controller.cpp:170:6:[m[K [01;36m[Knote: [m[K  candidate expects 6 arguments, 5 provided
[01m[K/home/usuario/ros/Miniproject_equipo1_ws/src/motion/src/Controller.cpp:236:11:[m[K [01;31m[Kerror: [m[Kno matching function for call to â€˜[01m[KController::drawCurves(double, bool, bool, bool, const char [5])[m[Kâ€™
  236 | [01;31m[KdrawCurves(0.8, false, false, true, "down")[m[K;
      | [01;31m[K~~~~~~~~~~^~~~~~~~~~~~~~~~~~~~~~~~~~~~~~~~~[m[K
[01m[K/home/usuario/ros/Miniproject_equipo1_ws/src/motion/src/Controller.cpp:170:6:[m[K [01;36m[Knote: [m[Kcandidate: â€˜[01m[Kvoid Controller::[01;32m[KdrawCurves[m[K(double, bool, bool, bool, std::string, double)[m[Kâ€™
  170 | void [01;36m[KController[m[K::drawCurves(double radius,
      |      [01;36m[K^~~~~~~~~~[m[K
[01m[K/home/usuario/ros/Miniproject_equipo1_ws/src/motion/src/Controller.cpp:170:6:[m[K [01;36m[Knote: [m[K  candidate expects 6 arguments, 5 provided
gmake[2]: *** [CMakeFiles/Controller.dir/build.make:76: CMakeFiles/Controller.dir/src/Controller.cpp.o] Error 1
gmake[1]: *** [CMakeFiles/Makefile2:137: CMakeFiles/Controller.dir/all] Error 2
gmake: *** [Makefile:146: all] Error 2
