[35m[1mConsolidate compiler generated dependencies of target Controller[0m
[ 50%] [32mBuilding CXX object CMakeFiles/Controller.dir/src/Controller.cpp.o[0m
[01m[K/home/usuario/ros/Miniproject_equipo1_ws/src/motion/src/Controller.cpp:119:6:[m[K [01;31m[Kerror: [m[Kno declaration matches â€˜[01m[Kvoid Controller::[01;32m[KdrawTriangleUp[m[K(double)[m[Kâ€™
  119 | void [01;31m[KController[m[K::drawTriangleUp(double side)
      |      [01;31m[K^~~~~~~~~~[m[K
In file included from [01m[K/home/usuario/ros/Miniproject_equipo1_ws/src/motion/src/Controller.cpp:2[m[K:
[01m[K/home/usuario/ros/Miniproject_equipo1_ws/src/motion/include/motion/Controller.hpp:28:8:[m[K [01;36m[Knote: [m[Kcandidate is: â€˜[01m[Kvoid Controller::[01;32m[KdrawTriangleUp[m[K(double, bool)[m[Kâ€™
   28 |   void [01;36m[KdrawTriangleUp[m[K(double side, bool left);
      |        [01;36m[K^~~~~~~~~~~~~~[m[K
[01m[K/home/usuario/ros/Miniproject_equipo1_ws/src/motion/include/motion/Controller.hpp:13:7:[m[K [01;36m[Knote: [m[Kâ€˜[01m[Kclass Controller[m[Kâ€™ defined here
   13 | class [01;36m[KController[m[K
      |       [01;36m[K^~~~~~~~~~[m[K
[01m[K/home/usuario/ros/Miniproject_equipo1_ws/src/motion/src/Controller.cpp:[m[K In member function â€˜[01m[Kvoid Controller::[01;32m[KdrawScene[m[K()[m[Kâ€™:
[01m[K/home/usuario/ros/Miniproject_equipo1_ws/src/motion/src/Controller.cpp:155:17:[m[K [01;31m[Kerror: [m[Kno matching function for call to â€˜[01m[KController::drawTriangleUp(double&)[m[Kâ€™
  155 |   [01;31m[KdrawTriangleUp(tri_side)[m[K;
      |   [01;31m[K~~~~~~~~~~~~~~^~~~~~~~~~[m[K
[01m[K/home/usuario/ros/Miniproject_equipo1_ws/src/motion/include/motion/Controller.hpp:28:8:[m[K [01;36m[Knote: [m[Kcandidate: â€˜[01m[Kvoid Controller::[01;32m[KdrawTriangleUp[m[K(double, bool)[m[Kâ€™
   28 |   void [01;36m[KdrawTriangleUp[m[K(double side, bool left);
      |        [01;36m[K^~~~~~~~~~~~~~[m[K
[01m[K/home/usuario/ros/Miniproject_equipo1_ws/src/motion/include/motion/Controller.hpp:28:8:[m[K [01;36m[Knote: [m[K  candidate expects 2 arguments, 1 provided
[01m[K/home/usuario/ros/Miniproject_equipo1_ws/src/motion/src/Controller.cpp:165:17:[m[K [01;31m[Kerror: [m[Kno matching function for call to â€˜[01m[KController::drawTriangleUp(double&)[m[Kâ€™
  165 |   [01;31m[KdrawTriangleUp(tri_side)[m[K;
      |   [01;31m[K~~~~~~~~~~~~~~^~~~~~~~~~[m[K
[01m[K/home/usuario/ros/Miniproject_equipo1_ws/src/motion/include/motion/Controller.hpp:28:8:[m[K [01;36m[Knote: [m[Kcandidate: â€˜[01m[Kvoid Controller::[01;32m[KdrawTriangleUp[m[K(double, bool)[m[Kâ€™
   28 |   void [01;36m[KdrawTriangleUp[m[K(double side, bool left);
      |        [01;36m[K^~~~~~~~~~~~~~[m[K
[01m[K/home/usuario/ros/Miniproject_equipo1_ws/src/motion/include/motion/Controller.hpp:28:8:[m[K [01;36m[Knote: [m[K  candidate expects 2 arguments, 1 provided
gmake[2]: *** [CMakeFiles/Controller.dir/build.make:76: CMakeFiles/Controller.dir/src/Controller.cpp.o] Error 1
gmake[1]: *** [CMakeFiles/Makefile2:137: CMakeFiles/Controller.dir/all] Error 2
gmake: *** [Makefile:146: all] Error 2
