[0.011s] Invoking command in '/home/usuario/ros/Miniproject_equipo1_ws/build/motion': CMAKE_PREFIX_PATH=${CMAKE_PREFIX_PATH}:/opt/ros/humble /usr/bin/cmake --build /home/usuario/ros/Miniproject_equipo1_ws/build/motion -- -j20 -l20
[0.085s] [35m[1mConsolidate compiler generated dependencies of target Controller[0m
[0.095s] [ 50%] [32mBuilding CXX object CMakeFiles/Controller.dir/src/Controller.cpp.o[0m
[1.488s] [01m[K/home/usuario/ros/Miniproject_equipo1_ws/src/motion/src/Controller.cpp:119:6:[m[K [01;31m[Kerror: [m[Kno declaration matches â€˜[01m[Kvoid Controller::[01;32m[KdrawTriangleUp[m[K(double)[m[Kâ€™
[1.488s]   119 | void [01;31m[KController[m[K::drawTriangleUp(double side)
[1.488s]       |      [01;31m[K^~~~~~~~~~[m[K
[1.488s] In file included from [01m[K/home/usuario/ros/Miniproject_equipo1_ws/src/motion/src/Controller.cpp:2[m[K:
[1.488s] [01m[K/home/usuario/ros/Miniproject_equipo1_ws/src/motion/include/motion/Controller.hpp:28:8:[m[K [01;36m[Knote: [m[Kcandidate is: â€˜[01m[Kvoid Controller::[01;32m[KdrawTriangleUp[m[K(double, bool)[m[Kâ€™
[1.488s]    28 |   void [01;36m[KdrawTriangleUp[m[K(double side, bool left);
[1.488s]       |        [01;36m[K^~~~~~~~~~~~~~[m[K
[1.488s] [01m[K/home/usuario/ros/Miniproject_equipo1_ws/src/motion/include/motion/Controller.hpp:13:7:[m[K [01;36m[Knote: [m[Kâ€˜[01m[Kclass Controller[m[Kâ€™ defined here
[1.488s]    13 | class [01;36m[KController[m[K
[1.488s]       |       [01;36m[K^~~~~~~~~~[m[K
[1.488s] [01m[K/home/usuario/ros/Miniproject_equipo1_ws/src/motion/src/Controller.cpp:[m[K In member function â€˜[01m[Kvoid Controller::[01;32m[KdrawScene[m[K()[m[Kâ€™:
[1.488s] [01m[K/home/usuario/ros/Miniproject_equipo1_ws/src/motion/src/Controller.cpp:155:17:[m[K [01;31m[Kerror: [m[Kno matching function for call to â€˜[01m[KController::drawTriangleUp(double&)[m[Kâ€™
[1.488s]   155 |   [01;31m[KdrawTriangleUp(tri_side)[m[K;
[1.488s]       |   [01;31m[K~~~~~~~~~~~~~~^~~~~~~~~~[m[K
[1.488s] [01m[K/home/usuario/ros/Miniproject_equipo1_ws/src/motion/include/motion/Controller.hpp:28:8:[m[K [01;36m[Knote: [m[Kcandidate: â€˜[01m[Kvoid Controller::[01;32m[KdrawTriangleUp[m[K(double, bool)[m[Kâ€™
[1.488s]    28 |   void [01;36m[KdrawTriangleUp[m[K(double side, bool left);
[1.488s]       |        [01;36m[K^~~~~~~~~~~~~~[m[K
[1.488s] [01m[K/home/usuario/ros/Miniproject_equipo1_ws/src/motion/include/motion/Controller.hpp:28:8:[m[K [01;36m[Knote: [m[K  candidate expects 2 arguments, 1 provided
[1.488s] [01m[K/home/usuario/ros/Miniproject_equipo1_ws/src/motion/src/Controller.cpp:165:17:[m[K [01;31m[Kerror: [m[Kno matching function for call to â€˜[01m[KController::drawTriangleUp(double&)[m[Kâ€™
[1.489s]   165 |   [01;31m[KdrawTriangleUp(tri_side)[m[K;
[1.489s]       |   [01;31m[K~~~~~~~~~~~~~~^~~~~~~~~~[m[K
[1.489s] [01m[K/home/usuario/ros/Miniproject_equipo1_ws/src/motion/include/motion/Controller.hpp:28:8:[m[K [01;36m[Knote: [m[Kcandidate: â€˜[01m[Kvoid Controller::[01;32m[KdrawTriangleUp[m[K(double, bool)[m[Kâ€™
[1.489s]    28 |   void [01;36m[KdrawTriangleUp[m[K(double side, bool left);
[1.489s]       |        [01;36m[K^~~~~~~~~~~~~~[m[K
[1.489s] [01m[K/home/usuario/ros/Miniproject_equipo1_ws/src/motion/include/motion/Controller.hpp:28:8:[m[K [01;36m[Knote: [m[K  candidate expects 2 arguments, 1 provided
[3.012s] gmake[2]: *** [CMakeFiles/Controller.dir/build.make:76: CMakeFiles/Controller.dir/src/Controller.cpp.o] Error 1
[3.012s] gmake[1]: *** [CMakeFiles/Makefile2:137: CMakeFiles/Controller.dir/all] Error 2
[3.012s] gmake: *** [Makefile:146: all] Error 2
[3.014s] Invoked command in '/home/usuario/ros/Miniproject_equipo1_ws/build/motion' returned '2': CMAKE_PREFIX_PATH=${CMAKE_PREFIX_PATH}:/opt/ros/humble /usr/bin/cmake --build /home/usuario/ros/Miniproject_equipo1_ws/build/motion -- -j20 -l20
