[0.041s] Invoking command in '/home/lili/ros/Miniproject_equipo1_2_ws/build/motion': CMAKE_PREFIX_PATH=${CMAKE_PREFIX_PATH}:/opt/ros/humble /usr/bin/cmake --build /home/lili/ros/Miniproject_equipo1_2_ws/build/motion -- -j4 -l4
[0.154s] [35m[1mConsolidate compiler generated dependencies of target Controller[0m
[0.217s] [ 50%] [32mBuilding CXX object CMakeFiles/Controller.dir/src/Controller.cpp.o[0m
[5.854s] In file included from [01m[K/home/lili/ros/Miniproject_equipo1_2_ws/src/motion/src/Controller.cpp:2[m[K:
[5.855s] [01m[K/home/lili/ros/Miniproject_equipo1_2_ws/src/motion/include/motion/Controller.hpp:31:49:[m[K [01;31m[Kerror: [m[Kexpected â€˜[01m[K,[m[Kâ€™ or â€˜[01m[K...[m[Kâ€™ before â€˜[01m[Kstd[m[Kâ€™
[5.855s]    31 |                                                 [01;31m[Kstd[m[K::string direction)
[5.855s]       |                                                 [01;31m[K^~~[m[K
[5.855s] [01m[K/home/lili/ros/Miniproject_equipo1_2_ws/src/motion/include/motion/Controller.hpp:30:8:[m[K [01;31m[Kerror: [m[Kextra qualification â€˜[01m[KController::[m[Kâ€™ on member â€˜[01m[KdrawCurves[m[Kâ€™ [[01;31m[K]8;;https://gcc.gnu.org/onlinedocs/gcc/Warning-Options.html#index-fpermissive-fpermissive]8;;[m[K]
[5.855s]    30 |   void [01;31m[KController[m[K::drawCurves(double radius, double radians
[5.855s]       |        [01;31m[K^~~~~~~~~~[m[K
[5.855s] [01m[K/home/lili/ros/Miniproject_equipo1_2_ws/src/motion/include/motion/Controller.hpp:31:70:[m[K [01;31m[Kerror: [m[Kexpected â€˜[01m[K;[m[Kâ€™ at end of member declaration
[5.855s]    31 |                                                 std::string direction[01;31m[K)[m[K
[5.856s]       |                                                                      [01;31m[K^[m[K
[5.856s]       |                                                                       [32m[K;[m[K
[5.985s] [01m[K/home/lili/ros/Miniproject_equipo1_2_ws/src/motion/src/Controller.cpp:176:6:[m[K [01;31m[Kerror: [m[Kno declaration matches â€˜[01m[Kvoid Controller::drawCurves(double, double, std::string)[m[Kâ€™
[5.985s]   176 | void [01;31m[KController[m[K::drawCurves(double radius, double radians,
[5.985s]       |      [01;31m[K^~~~~~~~~~[m[K
[5.985s] In file included from [01m[K/home/lili/ros/Miniproject_equipo1_2_ws/src/motion/src/Controller.cpp:2[m[K:
[5.985s] [01m[K/home/lili/ros/Miniproject_equipo1_2_ws/src/motion/include/motion/Controller.hpp:30:8:[m[K [01;36m[Knote: [m[Kcandidate is: â€˜[01m[Kvoid Controller::drawCurves(double, double)[m[Kâ€™
[5.986s]    30 |   void [01;36m[KController[m[K::drawCurves(double radius, double radians
[5.987s]       |        [01;36m[K^~~~~~~~~~[m[K
[5.987s] [01m[K/home/lili/ros/Miniproject_equipo1_2_ws/src/motion/include/motion/Controller.hpp:13:7:[m[K [01;36m[Knote: [m[Kâ€˜[01m[Kclass Controller[m[Kâ€™ defined here
[5.987s]    13 | class [01;36m[KController[m[K
[5.987s]       |       [01;36m[K^~~~~~~~~~[m[K
[5.987s] [01m[K/home/lili/ros/Miniproject_equipo1_2_ws/src/motion/src/Controller.cpp:[m[K In member function â€˜[01m[Kvoid Controller::drawScene()[m[Kâ€™:
[5.987s] [01m[K/home/lili/ros/Miniproject_equipo1_2_ws/src/motion/src/Controller.cpp:227:19:[m[K [01;31m[Kerror: [m[Kno matching function for call to â€˜[01m[KController::drawCurves(double, double, const char [5])[m[Kâ€™
[5.987s]   227 |         [01;31m[KdrawCurves(0.5, M_PI, "down")[m[K;
[5.988s]       |         [01;31m[K~~~~~~~~~~^~~~~~~~~~~~~~~~~~~[m[K
[5.988s] In file included from [01m[K/home/lili/ros/Miniproject_equipo1_2_ws/src/motion/src/Controller.cpp:2[m[K:
[5.988s] [01m[K/home/lili/ros/Miniproject_equipo1_2_ws/src/motion/include/motion/Controller.hpp:30:8:[m[K [01;36m[Knote: [m[Kcandidate: â€˜[01m[Kvoid Controller::drawCurves(double, double)[m[Kâ€™
[5.988s]    30 |   void [01;36m[KController[m[K::drawCurves(double radius, double radians
[5.988s]       |        [01;36m[K^~~~~~~~~~[m[K
[5.988s] [01m[K/home/lili/ros/Miniproject_equipo1_2_ws/src/motion/include/motion/Controller.hpp:30:8:[m[K [01;36m[Knote: [m[K  candidate expects 2 arguments, 3 provided
[9.180s] gmake[2]: *** [CMakeFiles/Controller.dir/build.make:76: CMakeFiles/Controller.dir/src/Controller.cpp.o] Error 1
[9.180s] gmake[1]: *** [CMakeFiles/Makefile2:137: CMakeFiles/Controller.dir/all] Error 2
[9.180s] gmake: *** [Makefile:146: all] Error 2
[9.183s] Invoked command in '/home/lili/ros/Miniproject_equipo1_2_ws/build/motion' returned '2': CMAKE_PREFIX_PATH=${CMAKE_PREFIX_PATH}:/opt/ros/humble /usr/bin/cmake --build /home/lili/ros/Miniproject_equipo1_2_ws/build/motion -- -j4 -l4
