In file included from [01m[K/home/usuario/ros/Miniproject_equipo1_ws/src/motion/src/Controller.cpp:2[m[K:
[01m[K/home/usuario/ros/Miniproject_equipo1_ws/src/motion/include/motion/Controller.hpp:28:8:[m[K [01;31m[Kerror: [m[Kextra qualification â€˜[01m[KController::[m[Kâ€™ on member â€˜[01m[KdrawTriangleUP[m[Kâ€™ [[01;31m[K]8;;https://gcc.gnu.org/onlinedocs/gcc/Warning-Options.html#index-fpermissive-fpermissive]8;;[m[K]
   28 |   void [01;31m[KController[m[K::drawTriangleUP(double side, bool left);
      |        [01;31m[K^~~~~~~~~~[m[K
[01m[K/home/usuario/ros/Miniproject_equipo1_ws/src/motion/src/Controller.cpp:[m[K In member function â€˜[01m[Kvoid Controller::[01;32m[KdrawTriangleUP[m[K(double, bool)[m[Kâ€™:
[01m[K/home/usuario/ros/Miniproject_equipo1_ws/src/motion/src/Controller.cpp:122:10:[m[K [01;35m[Kwarning: [m[Kunused variable â€˜[01m[Kangle_down[m[Kâ€™ [[01;35m[K]8;;https://gcc.gnu.org/onlinedocs/gcc/Warning-Options.html#index-Wunused-variable-Wunused-variable]8;;[m[K]
  122 |   double [01;35m[Kangle_down[m[K = -M_PI / 3.0;  // -60 grados
      |          [01;35m[K^~~~~~~~~~[m[K
[01m[K/home/usuario/ros/Miniproject_equipo1_ws/src/motion/src/Controller.cpp:[m[K At global scope:
[01m[K/home/usuario/ros/Miniproject_equipo1_ws/src/motion/src/Controller.cpp:164:1:[m[K [01;31m[Kerror: [m[Kexpected initializer before â€˜[01m[Kvoid[m[Kâ€™
  164 | [01;31m[Kvoid[m[K Controller::drawScene()
      | [01;31m[K^~~~[m[K
gmake[2]: *** [CMakeFiles/Controller.dir/build.make:76: CMakeFiles/Controller.dir/src/Controller.cpp.o] Error 1
gmake[1]: *** [CMakeFiles/Makefile2:137: CMakeFiles/Controller.dir/all] Error 2
gmake: *** [Makefile:146: all] Error 2
