[35m[1mConsolidate compiler generated dependencies of target Controller[0m
[ 50%] [32mBuilding CXX object CMakeFiles/Controller.dir/src/Controller.cpp.o[0m
[01m[K/home/usuario/ros/Miniproject_equipo1_ws/src/motion/src/Controller.cpp:170:6:[m[K [01;31m[Kerror: [m[Kno declaration matches â€˜[01m[Kvoid Controller::[01;32m[KdrawCurves[m[K(double, bool, bool, bool, std::string, double)[m[Kâ€™
  170 | void [01;31m[KController[m[K::drawCurves(double radius,
      |      [01;31m[K^~~~~~~~~~[m[K
[01m[K/home/usuario/ros/Miniproject_equipo1_ws/src/motion/src/Controller.cpp:170:6:[m[K [01;36m[Knote: [m[Kno functions named â€˜[01m[Kvoid Controller::[01;32m[KdrawCurves[m[K(double, bool, bool, bool, std::string, double)[m[Kâ€™
In file included from [01m[K/home/usuario/ros/Miniproject_equipo1_ws/src/motion/src/Controller.cpp:2[m[K:
[01m[K/home/usuario/ros/Miniproject_equipo1_ws/src/motion/include/motion/Controller.hpp:13:7:[m[K [01;36m[Knote: [m[Kâ€˜[01m[Kclass Controller[m[Kâ€™ defined here
   13 | class [01;36m[KController[m[K
      |       [01;36m[K^~~~~~~~~~[m[K
[01m[K/home/usuario/ros/Miniproject_equipo1_ws/src/motion/src/Controller.cpp:[m[K In member function â€˜[01m[Kvoid Controller::[01;32m[KdrawScene[m[K()[m[Kâ€™:
[01m[K/home/usuario/ros/Miniproject_equipo1_ws/src/motion/src/Controller.cpp:227:1:[m[K [01;31m[Kerror: [m[Kâ€˜[01m[KdrawCurves[m[Kâ€™ was not declared in this scope
  227 | [01;31m[KdrawCurves[m[K(1.5, true, false, false, "right");
      | [01;31m[K^~~~~~~~~~[m[K
gmake[2]: *** [CMakeFiles/Controller.dir/build.make:76: CMakeFiles/Controller.dir/src/Controller.cpp.o] Error 1
gmake[1]: *** [CMakeFiles/Makefile2:137: CMakeFiles/Controller.dir/all] Error 2
gmake: *** [Makefile:146: all] Error 2
