[35m[1mConsolidate compiler generated dependencies of target Controller[0m
[ 50%] [32mBuilding CXX object CMakeFiles/Controller.dir/src/Controller.cpp.o[0m
[01m[K/home/usuario/ros/Miniproject_equipo1_ws/src/motion/src/Controller.cpp:[m[K In member function â€˜[01m[Kvoid Controller::[01;32m[KdrawHexagonFlat[m[K(double)[m[Kâ€™:
[01m[K/home/usuario/ros/Miniproject_equipo1_ws/src/motion/src/Controller.cpp:123:29:[m[K [01;31m[Kerror: [m[Kâ€˜[01m[Kpub[m[Kâ€™ was not declared in this scope; did you mean â€˜[01m[Kpub_[m[Kâ€™?
  123 |         rotate_to(0, node_, [01;31m[Kpub[m[K);
      |                             [01;31m[K^~~[m[K
      |                             [32m[Kpub_[m[K
[01m[K/home/usuario/ros/Miniproject_equipo1_ws/src/motion/src/Controller.cpp:[m[K In member function â€˜[01m[Kvoid Controller::[01;32m[KdrawTriangleUP[m[K(double, bool)[m[Kâ€™:
[01m[K/home/usuario/ros/Miniproject_equipo1_ws/src/motion/src/Controller.cpp:135:29:[m[K [01;31m[Kerror: [m[Kâ€˜[01m[Kpub[m[Kâ€™ was not declared in this scope; did you mean â€˜[01m[Kpub_[m[Kâ€™?
  135 |         rotate_to(0, node_, [01;31m[Kpub[m[K);
      |                             [01;31m[K^~~[m[K
      |                             [32m[Kpub_[m[K
gmake[2]: *** [CMakeFiles/Controller.dir/build.make:76: CMakeFiles/Controller.dir/src/Controller.cpp.o] Error 1
gmake[1]: *** [CMakeFiles/Makefile2:137: CMakeFiles/Controller.dir/all] Error 2
gmake: *** [Makefile:146: all] Error 2
