[0.013s] Invoking command in '/home/usuario/ros/Miniproject_equipo1_ws/build/motion': CMAKE_PREFIX_PATH=${CMAKE_PREFIX_PATH}:/opt/ros/humble /usr/bin/cmake --build /home/usuario/ros/Miniproject_equipo1_ws/build/motion -- -j20 -l20
[0.086s] [35m[1mConsolidate compiler generated dependencies of target Controller[0m
[0.096s] [ 50%] [32mBuilding CXX object CMakeFiles/Controller.dir/src/Controller.cpp.o[0m
[1.727s] [01m[K/home/usuario/ros/Miniproject_equipo1_ws/src/motion/src/Controller.cpp:[m[K In member function â€˜[01m[Kvoid Controller::[01;32m[KdrawHexagonFlat[m[K(double)[m[Kâ€™:
[1.727s] [01m[K/home/usuario/ros/Miniproject_equipo1_ws/src/motion/src/Controller.cpp:123:29:[m[K [01;31m[Kerror: [m[Kâ€˜[01m[Kpub[m[Kâ€™ was not declared in this scope; did you mean â€˜[01m[Kpub_[m[Kâ€™?
[1.727s]   123 |         rotate_to(0, node_, [01;31m[Kpub[m[K);
[1.727s]       |                             [01;31m[K^~~[m[K
[1.727s]       |                             [32m[Kpub_[m[K
[1.730s] [01m[K/home/usuario/ros/Miniproject_equipo1_ws/src/motion/src/Controller.cpp:[m[K In member function â€˜[01m[Kvoid Controller::[01;32m[KdrawTriangleUP[m[K(double, bool)[m[Kâ€™:
[1.730s] [01m[K/home/usuario/ros/Miniproject_equipo1_ws/src/motion/src/Controller.cpp:135:29:[m[K [01;31m[Kerror: [m[Kâ€˜[01m[Kpub[m[Kâ€™ was not declared in this scope; did you mean â€˜[01m[Kpub_[m[Kâ€™?
[1.730s]   135 |         rotate_to(0, node_, [01;31m[Kpub[m[K);
[1.730s]       |                             [01;31m[K^~~[m[K
[1.730s]       |                             [32m[Kpub_[m[K
[3.567s] gmake[2]: *** [CMakeFiles/Controller.dir/build.make:76: CMakeFiles/Controller.dir/src/Controller.cpp.o] Error 1
[3.567s] gmake[1]: *** [CMakeFiles/Makefile2:137: CMakeFiles/Controller.dir/all] Error 2
[3.567s] gmake: *** [Makefile:146: all] Error 2
[3.569s] Invoked command in '/home/usuario/ros/Miniproject_equipo1_ws/build/motion' returned '2': CMAKE_PREFIX_PATH=${CMAKE_PREFIX_PATH}:/opt/ros/humble /usr/bin/cmake --build /home/usuario/ros/Miniproject_equipo1_ws/build/motion -- -j20 -l20
