[0.008s] Invoking command in '/home/usuario/ros/Miniproject_equipo1_ws/build/motion': CMAKE_PREFIX_PATH=${CMAKE_PREFIX_PATH}:/opt/ros/humble /usr/bin/cmake --build /home/usuario/ros/Miniproject_equipo1_ws/build/motion -- -j20 -l20
[0.034s] [35m[1mConsolidate compiler generated dependencies of target Controller[0m
[0.045s] [ 50%] [32mBuilding CXX object CMakeFiles/Controller.dir/src/Controller.cpp.o[0m
[1.329s] [01m[K/home/usuario/ros/Miniproject_equipo1_ws/src/motion/src/Controller.cpp:[m[K In member function â€˜[01m[Kvoid Controller::[01;32m[KdrawScene[m[K()[m[Kâ€™:
[1.329s] [01m[K/home/usuario/ros/Miniproject_equipo1_ws/src/motion/src/Controller.cpp:244:19:[m[K [01;31m[Kerror: [m[Kno matching function for call to â€˜[01m[KController::drawCurves(int, bool, bool, bool, const char [6], double)[m[Kâ€™
[1.329s]   244 |         [01;31m[KdrawCurves(5, true, false, false, "right", 2.0)[m[K;
[1.329s]       |         [01;31m[K~~~~~~~~~~^~~~~~~~~~~~~~~~~~~~~~~~~~~~~~~~~~~~~[m[K
[1.329s] [01m[K/home/usuario/ros/Miniproject_equipo1_ws/src/motion/src/Controller.cpp:176:6:[m[K [01;36m[Knote: [m[Kcandidate: â€˜[01m[Kvoid Controller::[01;32m[KdrawCurves[m[K(double, bool, bool, bool, std::string)[m[Kâ€™
[1.329s]   176 | void [01;36m[KController[m[K::drawCurves(double radius,
[1.329s]       |      [01;36m[K^~~~~~~~~~[m[K
[1.329s] [01m[K/home/usuario/ros/Miniproject_equipo1_ws/src/motion/src/Controller.cpp:176:6:[m[K [01;36m[Knote: [m[K  candidate expects 5 arguments, 6 provided
[1.329s] [01m[K/home/usuario/ros/Miniproject_equipo1_ws/src/motion/src/Controller.cpp:245:19:[m[K [01;31m[Kerror: [m[Kno matching function for call to â€˜[01m[KController::drawCurves(int, bool, bool, bool, const char [3], double)[m[Kâ€™
[1.329s]   245 |         [01;31m[KdrawCurves(5, false, true, false, "up", 2.0)[m[K;
[1.329s]       |         [01;31m[K~~~~~~~~~~^~~~~~~~~~~~~~~~~~~~~~~~~~~~~~~~~~[m[K
[1.329s] [01m[K/home/usuario/ros/Miniproject_equipo1_ws/src/motion/src/Controller.cpp:176:6:[m[K [01;36m[Knote: [m[Kcandidate: â€˜[01m[Kvoid Controller::[01;32m[KdrawCurves[m[K(double, bool, bool, bool, std::string)[m[Kâ€™
[1.329s]   176 | void [01;36m[KController[m[K::drawCurves(double radius,
[1.329s]       |      [01;36m[K^~~~~~~~~~[m[K
[1.329s] [01m[K/home/usuario/ros/Miniproject_equipo1_ws/src/motion/src/Controller.cpp:176:6:[m[K [01;36m[Knote: [m[K  candidate expects 5 arguments, 6 provided
[1.329s] [01m[K/home/usuario/ros/Miniproject_equipo1_ws/src/motion/src/Controller.cpp:246:19:[m[K [01;31m[Kerror: [m[Kno matching function for call to â€˜[01m[KController::drawCurves(int, bool, bool, bool, const char [5], double)[m[Kâ€™
[1.329s]   246 |         [01;31m[KdrawCurves(5, false, false, true, "left", 2.0)[m[K;
[1.329s]       |         [01;31m[K~~~~~~~~~~^~~~~~~~~~~~~~~~~~~~~~~~~~~~~~~~~~~~[m[K
[1.329s] [01m[K/home/usuario/ros/Miniproject_equipo1_ws/src/motion/src/Controller.cpp:176:6:[m[K [01;36m[Knote: [m[Kcandidate: â€˜[01m[Kvoid Controller::[01;32m[KdrawCurves[m[K(double, bool, bool, bool, std::string)[m[Kâ€™
[1.329s]   176 | void [01;36m[KController[m[K::drawCurves(double radius,
[1.329s]       |      [01;36m[K^~~~~~~~~~[m[K
[1.329s] [01m[K/home/usuario/ros/Miniproject_equipo1_ws/src/motion/src/Controller.cpp:176:6:[m[K [01;36m[Knote: [m[K  candidate expects 5 arguments, 6 provided
[1.329s] [01m[K/home/usuario/ros/Miniproject_equipo1_ws/src/motion/src/Controller.cpp:247:19:[m[K [01;31m[Kerror: [m[Kno matching function for call to â€˜[01m[KController::drawCurves(int, bool, bool, bool, const char [5], double)[m[Kâ€™
[1.329s]   247 |         [01;31m[KdrawCurves(5, false, false, true, "down", 2.0)[m[K;
[1.330s]       |         [01;31m[K~~~~~~~~~~^~~~~~~~~~~~~~~~~~~~~~~~~~~~~~~~~~~~[m[K
[1.330s] [01m[K/home/usuario/ros/Miniproject_equipo1_ws/src/motion/src/Controller.cpp:176:6:[m[K [01;36m[Knote: [m[Kcandidate: â€˜[01m[Kvoid Controller::[01;32m[KdrawCurves[m[K(double, bool, bool, bool, std::string)[m[Kâ€™
[1.330s]   176 | void [01;36m[KController[m[K::drawCurves(double radius,
[1.330s]       |      [01;36m[K^~~~~~~~~~[m[K
[1.330s] [01m[K/home/usuario/ros/Miniproject_equipo1_ws/src/motion/src/Controller.cpp:176:6:[m[K [01;36m[Knote: [m[K  candidate expects 5 arguments, 6 provided
[3.001s] gmake[2]: *** [CMakeFiles/Controller.dir/build.make:76: CMakeFiles/Controller.dir/src/Controller.cpp.o] Error 1
[3.001s] gmake[1]: *** [CMakeFiles/Makefile2:137: CMakeFiles/Controller.dir/all] Error 2
[3.001s] gmake: *** [Makefile:146: all] Error 2
[3.003s] Invoked command in '/home/usuario/ros/Miniproject_equipo1_ws/build/motion' returned '2': CMAKE_PREFIX_PATH=${CMAKE_PREFIX_PATH}:/opt/ros/humble /usr/bin/cmake --build /home/usuario/ros/Miniproject_equipo1_ws/build/motion -- -j20 -l20
