[01m[K/home/usuario/ros/Miniproject_equipo1_ws/src/motion/src/Controller.cpp:[m[K In member function â€˜[01m[Kvoid Controller::[01;32m[KdrawTriangleUP[m[K(double, bool)[m[Kâ€™:
[01m[K/home/usuario/ros/Miniproject_equipo1_ws/src/motion/src/Controller.cpp:122:10:[m[K [01;35m[Kwarning: [m[Kunused variable â€˜[01m[Kangle_down[m[Kâ€™ [[01;35m[K]8;;https://gcc.gnu.org/onlinedocs/gcc/Warning-Options.html#index-Wunused-variable-Wunused-variable]8;;[m[K]
  122 |   double [01;35m[Kangle_down[m[K = -M_PI / 3.0;  // -60 grados
      |          [01;35m[K^~~~~~~~~~[m[K
[01m[K/home/usuario/ros/Miniproject_equipo1_ws/src/motion/src/Controller.cpp:[m[K In member function â€˜[01m[Kvoid Controller::[01;32m[KdrawScene[m[K()[m[Kâ€™:
[01m[K/home/usuario/ros/Miniproject_equipo1_ws/src/motion/src/Controller.cpp:169:3:[m[K [01;31m[Kerror: [m[Kâ€˜[01m[KdrawTriangleIP[m[Kâ€™ was not declared in this scope; did you mean â€˜[01m[KdrawTriangleUP[m[Kâ€™?
  169 |   [01;31m[KdrawTriangleIP[m[K(side, true);
      |   [01;31m[K^~~~~~~~~~~~~~[m[K
      |   [32m[KdrawTriangleUP[m[K
gmake[2]: *** [CMakeFiles/Controller.dir/build.make:76: CMakeFiles/Controller.dir/src/Controller.cpp.o] Error 1
gmake[1]: *** [CMakeFiles/Makefile2:137: CMakeFiles/Controller.dir/all] Error 2
gmake: *** [Makefile:146: all] Error 2
