[0.008s] Invoking command in '/home/usuario/ros/Miniproject_equipo1_ws/build/motion': CMAKE_PREFIX_PATH=${CMAKE_PREFIX_PATH}:/opt/ros/humble /usr/bin/cmake --build /home/usuario/ros/Miniproject_equipo1_ws/build/motion -- -j20 -l20
[0.035s] [35m[1mConsolidate compiler generated dependencies of target Controller[0m
[0.045s] [ 50%] [32mBuilding CXX object CMakeFiles/Controller.dir/src/Controller.cpp.o[0m
[1.397s] [01m[K/home/usuario/ros/Miniproject_equipo1_ws/src/motion/src/Controller.cpp:[m[K In member function â€˜[01m[Kvoid Controller::[01;32m[KdrawScene[m[K()[m[Kâ€™:
[1.397s] [01m[K/home/usuario/ros/Miniproject_equipo1_ws/src/motion/src/Controller.cpp:176:1:[m[K [01;31m[Kerror: [m[Ka function-definition is not allowed here before â€˜[01m[K{[m[Kâ€™ token
[1.397s]   176 | [01;31m[K{[m[K
[1.397s]       | [01;31m[K^[m[K
[1.397s] [01m[K/home/usuario/ros/Miniproject_equipo1_ws/src/motion/src/Controller.cpp:180:1:[m[K [01;31m[Kerror: [m[Ka function-definition is not allowed here before â€˜[01m[K{[m[Kâ€™ token
[1.397s]   180 | [01;31m[K{[m[K
[1.397s]       | [01;31m[K^[m[K
[1.397s] [01m[K/home/usuario/ros/Miniproject_equipo1_ws/src/motion/src/Controller.cpp:189:1:[m[K [01;31m[Kerror: [m[Ka function-definition is not allowed here before â€˜[01m[K{[m[Kâ€™ token
[1.397s]   189 | [01;31m[K{[m[K
[1.397s]       | [01;31m[K^[m[K
[3.111s] gmake[2]: *** [CMakeFiles/Controller.dir/build.make:76: CMakeFiles/Controller.dir/src/Controller.cpp.o] Error 1
[3.112s] gmake[1]: *** [CMakeFiles/Makefile2:137: CMakeFiles/Controller.dir/all] Error 2
[3.112s] gmake: *** [Makefile:146: all] Error 2
[3.113s] Invoked command in '/home/usuario/ros/Miniproject_equipo1_ws/build/motion' returned '2': CMAKE_PREFIX_PATH=${CMAKE_PREFIX_PATH}:/opt/ros/humble /usr/bin/cmake --build /home/usuario/ros/Miniproject_equipo1_ws/build/motion -- -j20 -l20
